[2026-02-24T17:05:01.356979+00:00] app.INFO: Compra criada {"id":1,"data":{"fornecedor_id":1,"produto_id":1,"motorista_id":1,"quantidade":100.0,"valor_unitario":2.0,"tipo_comissao":"percentual","valor_comissao":5.0,"extra_por_saco":0.5,"custo_total":200.0,"comissao_total":10.0,"custo_final_real":210.0,"status":"NEGOCIADA"}} []
[2026-02-24T17:05:01.359631+00:00] app.INFO: Compra recebida e estoque atualizado {"compra_id":1,"produto_id":1,"novo_estoque":100.0} []
[2026-02-24T17:05:01.361520+00:00] app.INFO: Venda criada {"id":1,"payload":{"cliente_id":1,"produto_id":1,"quantidade":10,"valor_unitario":5.0,"receita_total":50.0,"custo_proporcional":20.0,"lucro_bruto":30.0,"margem_percentual":60.0,"status":"ORCAMENTO"}} []
[2026-02-24T17:05:01.362192+00:00] app.INFO: Venda entregue {"sale_id":1} []
[2026-02-24T17:09:12.468633+00:00] app.INFO: Compra criada {"id":1,"data":{"fornecedor_id":1,"produto_id":1,"motorista_id":1,"quantidade":100.0,"valor_unitario":2.0,"tipo_comissao":"percentual","valor_comissao":5.0,"extra_por_saco":0.5,"custo_total":200.0,"comissao_total":10.0,"custo_final_real":210.0,"status":"NEGOCIADA"}} []
[2026-02-24T17:09:12.470706+00:00] app.INFO: Compra recebida e estoque atualizado {"compra_id":1,"produto_id":1,"novo_estoque":100.0} []
[2026-02-24T17:09:12.472643+00:00] app.INFO: Venda criada {"id":1,"payload":{"cliente_id":1,"produto_id":1,"quantidade":10,"valor_unitario":5.0,"receita_total":50.0,"custo_proporcional":20.0,"lucro_bruto":30.0,"margem_percentual":60.0,"status":"ORCAMENTO"}} []
[2026-02-24T17:09:12.472878+00:00] app.INFO: Venda entregue {"sale_id":1} []
[2026-02-24T17:10:56.259583+00:00] app.INFO: Compra criada {"id":1,"data":{"fornecedor_id":1,"produto_id":1,"motorista_id":1,"quantidade":100.0,"valor_unitario":2.0,"tipo_comissao":"percentual","valor_comissao":5.0,"extra_por_saco":0.5,"custo_total":200.0,"comissao_total":10.0,"custo_final_real":210.0,"status":"NEGOCIADA"}} []
[2026-02-24T17:10:56.262847+00:00] app.INFO: Compra recebida e estoque atualizado {"compra_id":1,"produto_id":1,"novo_estoque":100.0} []
[2026-02-24T17:10:56.265135+00:00] app.INFO: Venda criada {"id":1,"payload":{"cliente_id":1,"produto_id":1,"quantidade":10,"valor_unitario":5.0,"receita_total":50.0,"custo_proporcional":20.0,"lucro_bruto":30.0,"margem_percentual":60.0,"status":"ORCAMENTO"}} []
[2026-02-24T17:10:56.265399+00:00] app.INFO: Venda entregue {"sale_id":1} []
[2026-02-24T17:30:32.517737+00:00] app.INFO: Compra criada {"id":1,"data":{"fornecedor_id":1,"produto_id":1,"motorista_id":1,"quantidade":100.0,"valor_unitario":2.0,"tipo_comissao":"percentual","valor_comissao":5.0,"extra_por_saco":0.5,"custo_total":200.0,"comissao_total":10.0,"custo_final_real":210.0,"status":"NEGOCIADA"}} []
[2026-02-24T17:30:32.520823+00:00] app.INFO: Compra recebida e estoque atualizado {"compra_id":1,"produto_id":1,"novo_estoque":100.0} []
[2026-02-24T17:30:32.523004+00:00] app.INFO: Venda criada {"id":1,"payload":{"cliente_id":1,"produto_id":1,"quantidade":10,"valor_unitario":5.0,"receita_total":50.0,"custo_proporcional":20.0,"lucro_bruto":30.0,"margem_percentual":60.0,"status":"ORCAMENTO"}} []
[2026-02-24T17:30:32.523278+00:00] app.INFO: Venda entregue {"sale_id":1} []
[2026-02-24T17:47:20.563360+00:00] app.INFO: Venda criada {"id":1,"payload":{"cliente_id":1,"produto_id":1,"quantidade":2,"valor_unitario":8.0,"receita_total":16.0,"custo_proporcional":5.1182,"lucro_bruto":10.8818,"margem_percentual":68.01125,"status":"ORCAMENTO"}} []
[2026-02-24T17:47:28.282834+00:00] app.INFO: Venda entregue {"sale_id":1} []
[2026-02-24T17:50:27.838211+00:00] app.INFO: Venda criada {"id":2,"payload":{"cliente_id":2,"produto_id":1,"quantidade":2,"valor_unitario":8,"receita_total":16.0,"custo_proporcional":5.2634,"lucro_bruto":10.7366,"margem_percentual":67.10374999999999,"status":"ORCAMENTO"}} []
[2026-02-24T17:50:27.868645+00:00] app.INFO: Venda entregue {"sale_id":2} []
